MPASM 5.84  /HOME/ANDRE/DOCUMENTS/2019.1/MIC   7-30-2019  17:49:36         PAGE  1


LOC  OBJECT CODE     LINE SOURCE TEXT
  VALUE

                      00001 ;* * * * * * * * * * * * * * * * * * * * * * * * * * * * * * * * * *
                      00002 ;*              MODIFICAÇÕES PARA USO COM 12F675                   *
                      00003 ;*                FEITAS PELO PROF. MARDSON                        *
                      00004 ;*                    FEVEREIRO DE 2014                            *
                      00005 ;* * * * * * * * * * * * * * * * * * * * * * * * * * * * * * * * * *
                      00006 
                      00007 ;* * * * * * * * * * * * * * * * * * * * * * * * * * * * * * * * * *
                      00008 ;*                       NOME DO PROJETO                           *
                      00009 ;*                           CLIENTE                               *
                      00010 ;*         DESENVOLVIDO PELA MOSAICO ENGENHARIA E CONSULTORIA      *
                      00011 ;*   VERSÃO: 1.0                           DATA: 17/06/03          *
                      00012 ;* * * * * * * * * * * * * * * * * * * * * * * * * * * * * * * * * *
                      00013 ;*                     DESCRIÇÃO DO ARQUIVO                        *
                      00014 ;*-----------------------------------------------------------------*
                      00015 ;*   MODELO PARA O PIC 12F675                                      *
                      00016 ;*                                                                 *
                      00017 ;*                                                                 *
                      00018 ;* * * * * * * * * * * * * * * * * * * * * * * * * * * * * * * * * *
                      00019 
                      00020 ;* * * * * * * * * * * * * * * * * * * * * * * * * * * * * * * * * *
                      00021 ;*                     ARQUIVOS DE DEFINIÇÕES                      *
                      00022 ;* * * * * * * * * * * * * * * * * * * * * * * * * * * * * * * * * *
                      00023 #INCLUDE <p12f675.inc>  ;ARQUIVO PADRÃO MICROCHIP PARA 12F675
                      00001         LIST
                      00002 
                      00003 ;==========================================================================
                      00004 ; Build date : Mar 17 2019
                      00005 ;  MPASM PIC12F675 processor include
                      00006 ; 
                      00007 ;  (c) Copyright 1999-2019 Microchip Technology, All rights reserved
                      00008 ;==========================================================================
                      00009 
                      00367         LIST
                      00024 
2007   3FA4           00025         __CONFIG _BODEN_OFF & _CP_OFF & _PWRTE_ON & _WDT_OFF & _MCLRE_ON & _INTRC_OSC_NOCLKOUT
                      00026 
                      00027 ;* * * * * * * * * * * * * * * * * * * * * * * * * * * * * * * * * *
                      00028 ;*                    PAGINAÇÃO DE MEMÓRIA                         *
                      00029 ;* * * * * * * * * * * * * * * * * * * * * * * * * * * * * * * * * *
                      00030 ;DEFINIÇÃO DE COMANDOS DE USUÁRIO PARA ALTERAÇÃO DA PÁGINA DE MEMÓRIA
                      00031 #DEFINE BANK0   BCF STATUS,RP0  ;SETA BANK 0 DE MEMÓRIA
                      00032 #DEFINE BANK1   BSF STATUS,RP0  ;SETA BANK 1 DE MAMÓRIA
                      00033 
                      00034 ;* * * * * * * * * * * * * * * * * * * * * * * * * * * * * * * * * *
                      00035 ;*                         VARIÁVEIS                               *
                      00036 ;* * * * * * * * * * * * * * * * * * * * * * * * * * * * * * * * * *
                      00037 ; DEFINIÇÃO DOS NOMES E ENDEREÇOS DE TODAS AS VARIÁVEIS UTILIZADAS 
                      00038 ; PELO SISTEMA
                      00039 
                      00040         CBLOCK  0x20    ;ENDEREÇO INICIAL DA MEMÓRIA DE
                      00041                                         ;USUÁRIO
  00000020            00042                 W_TEMP          ;REGISTRADORES TEMPORÁRIOS PARA USO
  00000021            00043                 STATUS_TEMP     ;JUNTO ÀS INTERRUPÇÕES
MPASM 5.84  /HOME/ANDRE/DOCUMENTS/2019.1/MIC   7-30-2019  17:49:36         PAGE  2


LOC  OBJECT CODE     LINE SOURCE TEXT
  VALUE

  00000022            00044                 DADO            ;ARMAZENA O DADO PARA A EEPROM
                      00045 
                      00046                 ;NOVAS VARIÁVEIS
                      00047                 
  00000023            00048                 LER1
  00000024            00049                 LER2
                      00050 
                      00051         ENDC                    ;FIM DO BLOCO DE MEMÓRIA
                      00052 ;* * * * * * * * * * * * * * * * * * * * * * * * * * * * * * * * * *
                      00053 ;*                        FLAGS INTERNOS                           *
                      00054 ;* * * * * * * * * * * * * * * * * * * * * * * * * * * * * * * * * *
                      00055 ; DEFINIÇÃO DE TODOS OS FLAGS UTILIZADOS PELO SISTEMA
                      00056 
                      00057 ;* * * * * * * * * * * * * * * * * * * * * * * * * * * * * * * * * *
                      00058 ;*                         CONSTANTES                              *
                      00059 ;* * * * * * * * * * * * * * * * * * * * * * * * * * * * * * * * * *
                      00060 ; DEFINIÇÃO DE TODAS AS CONSTANTES UTILIZADAS PELO SISTEMA
                      00061 ; INICIALIZAÇÃO DA EEPROM, DE ACORDO COM A DESCRIÇÃO NO ARQUIVO "Def_Rega_Formigas.inc"
                      00062 
                      00063 ;A PARTIR DO ENDEREÇO ZERO DA EEPROM, DADOS EM ORDEM ALEATÓRIA
2100                  00064         ORG 0x2100
2100   0089 001E 0039 00065         DE      0X89,0X1E,0X39,0X9F,0XC2,0X0C,0XAB,0X33,0X63,0XD3,0X95,0X7B,0X38,0XD6,0X1E,0X48
       009F 00C2 000C 
       00AB 0033 0063 
       00D3 0095 007B 
       0038 00D6 001E 
       0048 
2110   00DB 00D8 0086 00066         DE      0XDB,0XD8,0X86,0XFD,0XA5,0XFC,0X0C,0XBE,0X68,0X9B,0XD9,0X10,0XD8,0XEC,0X90,0X91
       00FD 00A5 00FC 
       000C 00BE 0068 
       009B 00D9 0010 
       00D8 00EC 0090 
       0091 
2120   00AA 00BB 00CC 00067         DE      0XAA,0XBB,0XCC,0XDD,0XEE,0XF1,0XC9,0X77
       00DD 00EE 00F1 
       00C9 0077 
                      00068 
                      00069 ;* * * * * * * * * * * * * * * * * * * * * * * * * * * * * * * * * *
                      00070 ;*                           ENTRADAS                              *
                      00071 ;* * * * * * * * * * * * * * * * * * * * * * * * * * * * * * * * * *
                      00072 ; DEFINIÇÃO DE TODOS OS PINOS QUE SERÃO UTILIZADOS COMO ENTRADA
                      00073 ; RECOMENDAMOS TAMBÉM COMENTAR O SIGNIFICADO DE SEUS ESTADOS (0 E 1)
                      00074 
                      00075 ;* * * * * * * * * * * * * * * * * * * * * * * * * * * * * * * * * *
                      00076 ;*                           SAÍDAS                                *
                      00077 ;* * * * * * * * * * * * * * * * * * * * * * * * * * * * * * * * * *
                      00078 ; DEFINIÇÃO DE TODOS OS PINOS QUE SERÃO UTILIZADOS COMO SAÍDA
                      00079 ; RECOMENDAMOS TAMBÉM COMENTAR O SIGNIFICADO DE SEUS ESTADOS (0 E 1)
                      00080 
                      00081 ;* * * * * * * * * * * * * * * * * * * * * * * * * * * * * * * * * *
                      00082 ;*                       VETOR DE RESET                            *
                      00083 ;* * * * * * * * * * * * * * * * * * * * * * * * * * * * * * * * * *
                      00084 
MPASM 5.84  /HOME/ANDRE/DOCUMENTS/2019.1/MIC   7-30-2019  17:49:36         PAGE  3


LOC  OBJECT CODE     LINE SOURCE TEXT
  VALUE

0000                  00085         ORG     0x00                    ;ENDEREÇO INICIAL DE PROCESSAMENTO
0000   2825           00086         GOTO    INICIO
                      00087         
                      00088 ;* * * * * * * * * * * * * * * * * * * * * * * * * * * * * * * * * *
                      00089 ;*                    INÍCIO DA INTERRUPÇÃO                        *
                      00090 ;* * * * * * * * * * * * * * * * * * * * * * * * * * * * * * * * * *
                      00091 ; ENDEREÇO DE DESVIO DAS INTERRUPÇÕES. A PRIMEIRA TAREFA É SALVAR OS
                      00092 ; VALORES DE "W" E "STATUS" PARA RECUPERAÇÃO FUTURA
                      00093 
0004                  00094         ORG     0x04                    ;ENDEREÇO INICIAL DA INTERRUPÇÃO
0004   00A0           00095         MOVWF   W_TEMP          ;COPIA W PARA W_TEMP
0005   0E03           00096         SWAPF   STATUS,W
0006   00A1           00097         MOVWF   STATUS_TEMP     ;COPIA STATUS PARA STATUS_TEMP
                      00098 
                      00099 ;* * * * * * * * * * * * * * * * * * * * * * * * * * * * * * * * * *
                      00100 ;*                    ROTINA DE INTERRUPÇÃO                        *
                      00101 ;* * * * * * * * * * * * * * * * * * * * * * * * * * * * * * * * * *
                      00102 ; AQUI SERÃO ESCRITAS AS ROTINAS DE RECONHECIMENTO E TRATAMENTO DAS
                      00103 ; INTERRUPÇÕES
                      00104 
                      00105 ;* * * * * * * * * * * * * * * * * * * * * * * * * * * * * * * * * *
                      00106 ;*                 ROTINA DE SAÍDA DA INTERRUPÇÃO                  *
                      00107 ;* * * * * * * * * * * * * * * * * * * * * * * * * * * * * * * * * *
                      00108 ; OS VALORES DE "W" E "STATUS" DEVEM SER RECUPERADOS ANTES DE 
                      00109 ; RETORNAR DA INTERRUPÇÃO
                      00110 
0007                  00111 SAI_INT
0007   0E21           00112         SWAPF   STATUS_TEMP,W
0008   0083           00113         MOVWF   STATUS          ;MOVE STATUS_TEMP PARA STATUS
0009   0EA0           00114         SWAPF   W_TEMP,F
000A   0E20           00115         SWAPF   W_TEMP,W        ;MOVE W_TEMP PARA W
000B   0009           00116         RETFIE
                      00117 
                      00118 ;* * * * * * * * * * * * * * * * * * * * * * * * * * * * * * * * * *
                      00119 ;*                       ROTINAS E SUBROTINAS                      *
                      00120 ;* * * * * * * * * * * * * * * * * * * * * * * * * * * * * * * * * *
                      00121 ; CADA ROTINA OU SUBROTINA DEVE POSSUIR A DESCRIÇÃO DE FUNCIONAMENTO
                      00122 ; E UM NOME COERENTE ÀS SUAS FUNÇÕES.
000C                  00123 LE_EEPROM
                      00124 ;LER DADO DA EEPROM, CUJO ENDEREÇO É INDICADO EM W
                      00125 ;DADO LIDO RETORNA EM W
000C   397F           00126         ANDLW   .127            ;LIMITA ENDEREÇO MAX. 127
000D   1683           00127         BANK1                           ;ACESSO VIA BANK 1
Message[302]: Register in operand not in bank 0.  Ensure that bank bits are correct.
000E   009B           00128         MOVWF   EEADR           ;INDICA O END. DE LEITURA
Message[302]: Register in operand not in bank 0.  Ensure that bank bits are correct.
000F   141C           00129         BSF             EECON1,RD       ;INICIA O PROCESSO DE LEITURA
Message[302]: Register in operand not in bank 0.  Ensure that bank bits are correct.
0010   081A           00130         MOVF    EEDATA,W        ;COLOCA DADO LIDO EM W
0011   1283           00131         BANK0                           ;POSICIONA PARA BANK 0
0012   0008           00132         RETURN
                      00133 
0013                  00134 GRAVA_EEPROM
MPASM 5.84  /HOME/ANDRE/DOCUMENTS/2019.1/MIC   7-30-2019  17:49:36         PAGE  4


LOC  OBJECT CODE     LINE SOURCE TEXT
  VALUE

                      00135 ;ESCREVE DADO (DADO) NA EEPROM, CUJO ENDEREÇO É INDICADO EM W
0013   397F           00136         ANDLW   .127            ;LIMITA ENDEREÇO MAX. 127
0014   1683           00137         BANK1                           ;ACESSO VIA BANK 1
Message[302]: Register in operand not in bank 0.  Ensure that bank bits are correct.
0015   009B           00138         MOVWF   EEADR
0016   0822           00139         MOVF    DADO,W
Message[302]: Register in operand not in bank 0.  Ensure that bank bits are correct.
0017   009A           00140         MOVWF   EEDATA
Message[302]: Register in operand not in bank 0.  Ensure that bank bits are correct.
0018   151C           00141         BSF             EECON1,WREN ;HABILITA ESCRITA
0019   138B           00142         BCF             INTCON,GIE      ;DESLIGA INTERRUPÇÕES
001A   3055           00143         MOVLW   B'01010101'     ;DESBLOQUEIA ESCRITA
Message[302]: Register in operand not in bank 0.  Ensure that bank bits are correct.
001B   009D           00144         MOVWF   EECON2          ;
001C   30AA           00145         MOVLW   B'10101010'     ;DESBLOQUEIA ESCRITA
Message[302]: Register in operand not in bank 0.  Ensure that bank bits are correct.
001D   009D           00146         MOVWF   EECON2          ;
Message[302]: Register in operand not in bank 0.  Ensure that bank bits are correct.
001E   149C           00147         BSF             EECON1,WR ;INICIA A ESCRITA
001F                  00148 AGUARDA
Message[302]: Register in operand not in bank 0.  Ensure that bank bits are correct.
001F   189C           00149         BTFSC   EECON1,WR ;TERMINOU?
0020   281F           00150         GOTO    AGUARDA
0021   178B           00151         BSF             INTCON,GIE ;HABILITA INTERRUPÇÕES
0022   1283           00152         BANK0                           ;POSICIONA PARA BANK 0
0023   0008           00153         RETURN
                      00154 
0024                  00155 SUBROTINA1
                      00156 
                      00157         ;CORPO DA ROTINA
                      00158 
0024   0008           00159         RETURN
                      00160 
                      00161 ;* * * * * * * * * * * * * * * * * * * * * * * * * * * * * * * * * *
                      00162 ;*                     INICIO DO PROGRAMA                          *
                      00163 ;* * * * * * * * * * * * * * * * * * * * * * * * * * * * * * * * * *
                      00164         
0025                  00165 INICIO
0025   1683           00166         BANK1                           ;ALTERA PARA O BANCO 1
0026   3000           00167         MOVLW   B'00000000' ;CONFIGURA TODAS AS PORTAS DO GPIO (PINOS)
Message[302]: Register in operand not in bank 0.  Ensure that bank bits are correct.
0027   0085           00168         MOVWF   TRISIO          ;COMO SAÍDAS
Message[302]: Register in operand not in bank 0.  Ensure that bank bits are correct.
0028   019F           00169         CLRF    ANSEL           ;DEFINE PORTAS COMO Digital I/O
0029   3004           00170         MOVLW   B'00000100'
Message[302]: Register in operand not in bank 0.  Ensure that bank bits are correct.
002A   0081           00171         MOVWF   OPTION_REG      ;DEFINE OPÇÕES DE OPERAÇÃO
002B   3000           00172         MOVLW   B'00000000'
002C   008B           00173         MOVWF   INTCON          ;DEFINE OPÇÕES DE INTERRUPÇÕES
002D   1283           00174         BANK0                           ;RETORNA PARA O BANCO
002E   3007           00175         MOVLW   B'00000111'
002F   0099           00176         MOVWF   CMCON           ;DEFINE O MODO DE OPERAÇÃO DO COMPARADOR ANALÓGICO
                      00177 
MPASM 5.84  /HOME/ANDRE/DOCUMENTS/2019.1/MIC   7-30-2019  17:49:36         PAGE  5


LOC  OBJECT CODE     LINE SOURCE TEXT
  VALUE

                      00178 ;* * * * * * * * * * * * * * * * * * * * * * * * * * * * * * * * * *
                      00179 ;*                     INICIALIZAÇÃO DAS VARIÁVEIS                 *
                      00180 ;* * * * * * * * * * * * * * * * * * * * * * * * * * * * * * * * * *
                      00181 
                      00182 ;* * * * * * * * * * * * * * * * * * * * * * * * * * * * * * * * * *
                      00183 ;*                     ROTINA PRINCIPAL                            *
                      00184 ;* * * * * * * * * * * * * * * * * * * * * * * * * * * * * * * * * *
0030                  00185 MAIN
                      00186 
                      00187         ;CORPO DA ROTINA PRINCIPAL
0030   301D           00188         MOVLW   .29
0031   00A2           00189         MOVWF   DADO
0032   3008           00190         MOVLW   .8
0033   2013           00191         CALL    GRAVA_EEPROM
0034   01A2           00192         CLRF    DADO
0035   3008           00193         MOVLW   .8
0036   200C           00194         CALL    LE_EEPROM
0037                  00195 FIM
0037   2837           00196         GOTO FIM
                      00197 
                      00198 ;* * * * * * * * * * * * * * * * * * * * * * * * * * * * * * * * * *
                      00199 ;*                       FIM DO PROGRAMA                           *
                      00200 ;* * * * * * * * * * * * * * * * * * * * * * * * * * * * * * * * * *
                      00201 
                      00202         END
MPASM 5.84  /HOME/ANDRE/DOCUMENTS/2019.1/MIC   7-30-2019  17:49:36         PAGE  6


SYMBOL TABLE
  LABEL                             VALUE 

ADCON0                            0000001F
ADCS0                             00000004
ADCS1                             00000005
ADCS2                             00000006
ADFM                              00000007
ADIE                              00000006
ADIF                              00000006
ADON                              00000000
ADRESH                            0000001E
ADRESL                            0000009E
AGUARDA                           0000001F
ANS0                              00000000
ANS1                              00000001
ANS2                              00000002
ANS3                              00000003
ANSEL                             0000009F
BANK0                             BCF STATUS,RP0
BANK1                             BSF STATUS,RP0
C                                 00000000
CAL0                              00000002
CAL1                              00000003
CAL2                              00000004
CAL3                              00000005
CAL4                              00000006
CAL5                              00000007
CHS0                              00000002
CHS1                              00000003
CINV                              00000004
CIS                               00000003
CM0                               00000000
CM1                               00000001
CM2                               00000002
CMCON                             00000019
CMIE                              00000003
CMIF                              00000003
COUT                              00000006
DADO                              00000022
DC                                00000001
EEADR                             0000009B
EECON1                            0000009C
EECON2                            0000009D
EEDAT                             0000009A
EEDATA                            0000009A
EEIE                              00000007
EEIF                              00000007
F                                 00000001
FIM                               00000037
FSR                               00000004
GIE                               00000007
GO                                00000001
GO_DONE                           00000001
GO_NOT_DONE                       00000001
GP0                               00000000
MPASM 5.84  /HOME/ANDRE/DOCUMENTS/2019.1/MIC   7-30-2019  17:49:36         PAGE  7


SYMBOL TABLE
  LABEL                             VALUE 

GP1                               00000001
GP2                               00000002
GP3                               00000003
GP4                               00000004
GP5                               00000005
GPIE                              00000003
GPIF                              00000000
GPIO                              00000005
GPIO0                             00000000
GPIO1                             00000001
GPIO2                             00000002
GPIO3                             00000003
GPIO4                             00000004
GPIO5                             00000005
GRAVA_EEPROM                      00000013
INDF                              00000000
INICIO                            00000025
INTCON                            0000000B
INTE                              00000004
INTEDG                            00000006
INTF                              00000001
IOC                               00000096
IOC0                              00000000
IOC1                              00000001
IOC2                              00000002
IOC3                              00000003
IOC4                              00000004
IOC5                              00000005
IOCB                              00000096
IOCB0                             00000000
IOCB1                             00000001
IOCB2                             00000002
IOCB3                             00000003
IOCB4                             00000004
IOCB5                             00000005
IRP                               00000007
LER1                              00000023
LER2                              00000024
LE_EEPROM                         0000000C
MAIN                              00000030
NOT_BOD                           00000000
NOT_BOR                           00000000
NOT_DONE                          00000001
NOT_GPPU                          00000007
NOT_PD                            00000003
NOT_POR                           00000001
NOT_T1SYNC                        00000002
NOT_TO                            00000004
OPTION_REG                        00000081
OSCCAL                            00000090
PCL                               00000002
PCLATH                            0000000A
PCON                              0000008E
MPASM 5.84  /HOME/ANDRE/DOCUMENTS/2019.1/MIC   7-30-2019  17:49:36         PAGE  8


SYMBOL TABLE
  LABEL                             VALUE 

PEIE                              00000006
PIE1                              0000008C
PIR1                              0000000C
PS0                               00000000
PS1                               00000001
PS2                               00000002
PSA                               00000003
RD                                00000000
RP0                               00000005
RP1                               00000006
SAI_INT                           00000007
STATUS                            00000003
STATUS_TEMP                       00000021
SUBROTINA1                        00000024
T0CS                              00000005
T0IE                              00000005
T0IF                              00000002
T0SE                              00000004
T1CKPS0                           00000004
T1CKPS1                           00000005
T1CON                             00000010
T1IE                              00000000
T1IF                              00000000
T1OSCEN                           00000003
TMR0                              00000001
TMR0IE                            00000005
TMR0IF                            00000002
TMR1                              0000000E
TMR1CS                            00000001
TMR1GE                            00000006
TMR1H                             0000000F
TMR1IE                            00000000
TMR1IF                            00000000
TMR1L                             0000000E
TMR1ON                            00000000
TRISIO                            00000085
TRISIO0                           00000000
TRISIO1                           00000001
TRISIO2                           00000002
TRISIO3                           00000003
TRISIO4                           00000004
TRISIO5                           00000005
VCFG                              00000006
VR0                               00000000
VR1                               00000001
VR2                               00000002
VR3                               00000003
VRCON                             00000099
VREN                              00000007
VRR                               00000005
W                                 00000000
WPU                               00000095
WPU0                              00000000
MPASM 5.84  /HOME/ANDRE/DOCUMENTS/2019.1/MIC   7-30-2019  17:49:36         PAGE  9


SYMBOL TABLE
  LABEL                             VALUE 

WPU1                              00000001
WPU2                              00000002
WPU4                              00000004
WPU5                              00000005
WR                                00000001
WREN                              00000002
WRERR                             00000003
W_TEMP                            00000020
Z                                 00000002
_BODEN_OFF                        00003FBF
_BODEN_ON                         00003FFF
_BOREN_OFF                        00003FBF
_BOREN_ON                         00003FFF
_CONFIG                           00002007
_CPD_OFF                          00003FFF
_CPD_ON                           00003EFF
_CP_OFF                           00003FFF
_CP_ON                            00003F7F
_DEVID1                           00002006
_EC_OSC                           00003FFB
_EXTRC_OSC_CLKOUT                 00003FFF
_EXTRC_OSC_NOCLKOUT               00003FFE
_FOSC_EC                          00003FFB
_FOSC_EXTRCCLK                    00003FFF
_FOSC_EXTRCIO                     00003FFE
_FOSC_HS                          00003FFA
_FOSC_INTRCCLK                    00003FFD
_FOSC_INTRCIO                     00003FFC
_FOSC_LP                          00003FF8
_FOSC_XT                          00003FF9
_HS_OSC                           00003FFA
_IDLOC0                           00002000
_IDLOC1                           00002001
_IDLOC2                           00002002
_IDLOC3                           00002003
_INTRC_OSC_CLKOUT                 00003FFD
_INTRC_OSC_NOCLKOUT               00003FFC
_LP_OSC                           00003FF8
_MCLRE_OFF                        00003FDF
_MCLRE_ON                         00003FFF
_PWRTE_OFF                        00003FFF
_PWRTE_ON                         00003FEF
_WDTE_OFF                         00003FF7
_WDTE_ON                          00003FFF
_WDT_OFF                          00003FF7
_WDT_ON                           00003FFF
_XT_OSC                           00003FF9
__12F675                          00000001
__DEBUG                           
__MPLAB_DEBUGGER_SIMULATOR        1
MPASM 5.84  /HOME/ANDRE/DOCUMENTS/2019.1/MIC   7-30-2019  17:49:36         PAGE 10


MEMORY USAGE MAP ('X' = Used,  '-' = Unused)


0000 : X---XXXXXXXXXXXX XXXXXXXXXXXXXXXX XXXXXXXXXXXXXXXX XXXXXXXX--------
2000 : -------X-------- ---------------- ---------------- ----------------
2100 : XXXXXXXXXXXXXXXX XXXXXXXXXXXXXXXX XXXXXXXX-------- ----------------

All other memory blocks unused.

Program Memory Words Used:    53
Program Memory Words Free:   971


Errors   :     0
Warnings :     0 reported,     0 suppressed
Messages :    13 reported,     0 suppressed

