MPASM 5.84  /HOME/ANDRE/DOCUMENTS/2019.1/MIC   9-5-2019  16:09:39         PAGE  1


LOC  OBJECT CODE     LINE SOURCE TEXT
  VALUE

                      00001 ;* * * * * * * * * * * * * * * * * * * * * * * * * * * * * * * * * *
                      00002 ;*              MODIFICAÇÕES PARA USO COM 12F675                   *
                      00003 ;*                FEITAS PELO PROF. MARDSON                        *
                      00004 ;*                      JUNHO DE 2019                              *
                      00005 ;* * * * * * * * * * * * * * * * * * * * * * * * * * * * * * * * * *
                      00006 
                      00007 ;* * * * * * * * * * * * * * * * * * * * * * * * * * * * * * * * * *
                      00008 ;*                       ATIVIDADE 7                               *
                      00009 ;*             ANDRE OLIVEIRA DE SOUSA - 11325684                  *
                      00010 ;*         DESENVOLVIDO PELA MOSAICO ENGENHARIA E CONSULTORIA      *
                      00011 ;*   VERSÃO: 1.0                           DATA: 17/06/03          *
                      00012 ;* * * * * * * * * * * * * * * * * * * * * * * * * * * * * * * * * *
                      00013 ;*                     DESCRIÇÃO DO ARQUIVO                        *
                      00014 ;*-----------------------------------------------------------------*
                      00015 ;*   MODELO PARA O PIC 12F675                                      *
                      00016 ;*                                                                 *
                      00017 ;*                                                                 *
                      00018 ;* * * * * * * * * * * * * * * * * * * * * * * * * * * * * * * * * *
                      00019 
                      00020 ;* * * * * * * * * * * * * * * * * * * * * * * * * * * * * * * * * *
                      00021 ;*                     ARQUIVOS DE DEFINIÇÕES                      *
                      00022 ;* * * * * * * * * * * * * * * * * * * * * * * * * * * * * * * * * *
                      00023 #INCLUDE <p12f675.inc>  ;ARQUIVO PADRÃO MICROCHIP PARA 12F675
                      00001         LIST
                      00002 
                      00003 ;==========================================================================
                      00004 ; Build date : Mar 17 2019
                      00005 ;  MPASM PIC12F675 processor include
                      00006 ; 
                      00007 ;  (c) Copyright 1999-2019 Microchip Technology, All rights reserved
                      00008 ;==========================================================================
                      00009 
                      00367         LIST
                      00024 
2007   3F84           00025         __CONFIG _BODEN_OFF & _CP_OFF & _PWRTE_ON & _WDT_OFF & _MCLRE_OFF & _INTRC_OSC_NOCLKOUT
                      00026 
                      00027 ;* * * * * * * * * * * * * * * * * * * * * * * * * * * * * * * * * *
                      00028 ;*                    PAGINAÇÃO DE MEMÓRIA                         *
                      00029 ;* * * * * * * * * * * * * * * * * * * * * * * * * * * * * * * * * *
                      00030 ;DEFINIÇÃO DE COMANDOS DE USUÁRIO PARA ALTERAÇÃO DA PÁGINA DE MEMÓRIA
                      00031 #DEFINE BANK0   BCF STATUS,RP0  ;SETA BANK 0 DE MEMÓRIA
                      00032 #DEFINE BANK1   BSF STATUS,RP0  ;SETA BANK 1 DE MAMÓRIA
                      00033 
                      00034 ;* * * * * * * * * * * * * * * * * * * * * * * * * * * * * * * * * *
                      00035 ;*                         VARIÁVEIS                               *
                      00036 ;* * * * * * * * * * * * * * * * * * * * * * * * * * * * * * * * * *
                      00037 ; DEFINIÇÃO DOS NOMES E ENDEREÇOS DE TODAS AS VARIÁVEIS UTILIZADAS 
                      00038 ; PELO SISTEMA
                      00039 
                      00040         CBLOCK  0x20    ;ENDEREÇO INICIAL DA MEMÓRIA DE
                      00041                                         ;USUÁRIO
  00000020            00042                 W_TEMP          ;REGISTRADORES TEMPORÁRIOS PARA USO
  00000021            00043                 STATUS_TEMP     ;JUNTO ÀS INTERRUPÇÕES
MPASM 5.84  /HOME/ANDRE/DOCUMENTS/2019.1/MIC   9-5-2019  16:09:39         PAGE  2


LOC  OBJECT CODE     LINE SOURCE TEXT
  VALUE

                      00044 
                      00045                 ;NOVAS VARIÁVEIS
  00000022            00046                 CONTL
  00000023            00047                 CONTH
  00000024            00048                 CONT
  00000025            00049                 DISTANCIA_ENCONTRADA
                      00050 
                      00051         ENDC                    ;FIM DO BLOCO DE MEMÓRIA
                      00052 ;* * * * * * * * * * * * * * * * * * * * * * * * * * * * * * * * * *
                      00053 ;*                        FLAGS INTERNOS                           *
                      00054 ;* * * * * * * * * * * * * * * * * * * * * * * * * * * * * * * * * *
                      00055 ; DEFINIÇÃO DE TODOS OS FLAGS UTILIZADOS PELO SISTEMA
                      00056 
                      00057 ;* * * * * * * * * * * * * * * * * * * * * * * * * * * * * * * * * *
                      00058 ;*                         CONSTANTES                              *
                      00059 ;* * * * * * * * * * * * * * * * * * * * * * * * * * * * * * * * * *
                      00060 ; DEFINIÇÃO DE TODAS AS CONSTANTES UTILIZADAS PELO SISTEMA
                      00061 
                      00062 ;* * * * * * * * * * * * * * * * * * * * * * * * * * * * * * * * * *
                      00063 ;*                           ENTRADAS                              *
                      00064 ;* * * * * * * * * * * * * * * * * * * * * * * * * * * * * * * * * *
                      00065 ; DEFINIÇÃO DE TODOS OS PINOS QUE SERÃO UTILIZADOS COMO ENTRADA
                      00066 ; RECOMENDAMOS TAMBÉM COMENTAR O SIGNIFICADO DE SEUS ESTADOS (0 E 1)
                      00067 
                      00068 ;* * * * * * * * * * * * * * * * * * * * * * * * * * * * * * * * * *
                      00069 ;*                           SAÍDAS                                *
                      00070 ;* * * * * * * * * * * * * * * * * * * * * * * * * * * * * * * * * *
                      00071 ; DEFINIÇÃO DE TODOS OS PINOS QUE SERÃO UTILIZADOS COMO SAÍDA
                      00072 ; RECOMENDAMOS TAMBÉM COMENTAR O SIGNIFICADO DE SEUS ESTADOS (0 E 1)
                      00073 
                      00074 ;* * * * * * * * * * * * * * * * * * * * * * * * * * * * * * * * * *
                      00075 ;*                       VETOR DE RESET                            *
                      00076 ;* * * * * * * * * * * * * * * * * * * * * * * * * * * * * * * * * *
                      00077 
                      00078         ORG     0x00                    ;ENDEREÇO INICIAL DE PROCESSAMENTO
0000   2???           00079         GOTO    INICIO
                      00080         
                      00081 ;* * * * * * * * * * * * * * * * * * * * * * * * * * * * * * * * * *
                      00082 ;*                    INÍCIO DA INTERRUPÇÃO                        *
                      00083 ;* * * * * * * * * * * * * * * * * * * * * * * * * * * * * * * * * *
                      00084 ; ENDEREÇO DE DESVIO DAS INTERRUPÇÕES. A PRIMEIRA TAREFA É SALVAR OS
                      00085 ; VALORES DE "W" E "STATUS" PARA RECUPERAÇÃO FUTURA
                      00086 
                      00087         ORG     0x04                    ;ENDEREÇO INICIAL DA INTERRUPÇÃO
0004   00A0           00088         MOVWF   W_TEMP          ;COPIA W PARA W_TEMP
0005   0E03           00089         SWAPF   STATUS,W
0006   00A1           00090         MOVWF   STATUS_TEMP     ;COPIA STATUS PARA STATUS_TEMP
                      00091 
                      00092 ;* * * * * * * * * * * * * * * * * * * * * * * * * * * * * * * * * *
                      00093 ;*                    ROTINA DE INTERRUPÇÃO                        *
                      00094 ;* * * * * * * * * * * * * * * * * * * * * * * * * * * * * * * * * *
                      00095 ; AQUI SERÃO ESCRITAS AS ROTINAS DE RECONHECIMENTO E TRATAMENTO DAS
                      00096 ; INTERRUPÇÕES
MPASM 5.84  /HOME/ANDRE/DOCUMENTS/2019.1/MIC   9-5-2019  16:09:39         PAGE  3


LOC  OBJECT CODE     LINE SOURCE TEXT
  VALUE

                      00097 
                      00098 ;* * * * * * * * * * * * * * * * * * * * * * * * * * * * * * * * * *
                      00099 ;*                 ROTINA DE SAÍDA DA INTERRUPÇÃO                  *
                      00100 ;* * * * * * * * * * * * * * * * * * * * * * * * * * * * * * * * * *
                      00101 ; OS VALORES DE "W" E "STATUS" DEVEM SER RECUPERADOS ANTES DE 
                      00102 ; RETORNAR DA INTERRUPÇÃO
                      00103 
0007                  00104 SAI_INT
0007   0E21           00105         SWAPF   STATUS_TEMP,W
0008   0083           00106         MOVWF   STATUS          ;MOVE STATUS_TEMP PARA STATUS
0009   0EA0           00107         SWAPF   W_TEMP,F
000A   0E20           00108         SWAPF   W_TEMP,W        ;MOVE W_TEMP PARA W
000B   0009           00109         RETFIE
                      00110 
                      00111 ;* * * * * * * * * * * * * * * * * * * * * * * * * * * * * * * * * *
                      00112 ;*                       ROTINAS E SUBROTINAS                      *
                      00113 ;* * * * * * * * * * * * * * * * * * * * * * * * * * * * * * * * * *
                      00114 ; CADA ROTINA OU SUBROTINA DEVE POSSUIR A DESCRIÇÃO DE FUNCIONAMENTO
                      00115 ; E UM NOME COERENTE ÀS SUAS FUNÇÕES.
                      00116 
000C                  00117 SUBROTINA1
                      00118 
                      00119         ;CORPO DA ROTINA
                      00120 
000C   0008           00121         RETURN
                      00122 
                      00123 ;* * * * * * * * * * * * * * * * * * * * * * * * * * * * * * * * * *
                      00124 ;*                     INICIO DO PROGRAMA                          *
                      00125 ;* * * * * * * * * * * * * * * * * * * * * * * * * * * * * * * * * *
                      00126         
000D                  00127 INICIO
000D   1683           00128         BANK1                           ;ALTERA PARA O BANCO 1
000E   3008           00129         MOVLW   B'00001000' ;CONFIGURA TODAS AS PORTAS DO GPIO (PINOS)
Message[302]: Register in operand not in bank 0.  Ensure that bank bits are correct.
000F   0085           00130         MOVWF   TRISIO          ;COMO SAÍDAS
Message[302]: Register in operand not in bank 0.  Ensure that bank bits are correct.
0010   019F           00131         CLRF    ANSEL           ;DEFINE PORTAS COMO Digital I/O
0011   3004           00132         MOVLW   B'00000100'
Message[302]: Register in operand not in bank 0.  Ensure that bank bits are correct.
0012   0081           00133         MOVWF   OPTION_REG      ;DEFINE OPÇÕES DE OPERAÇÃO
0013   3000           00134         MOVLW   B'00000000'
0014   008B           00135         MOVWF   INTCON          ;DEFINE OPÇÕES DE INTERRUPÇÕES
0015   1283           00136         BANK0                           ;RETORNA PARA O BANCO
0016   3007           00137         MOVLW   B'00000111'
0017   0099           00138         MOVWF   CMCON           ;DEFINE O MODO DE OPERAÇÃO DO COMPARADOR ANALÓGICO
                      00139 
                      00140 ;* * * * * * * * * * * * * * * * * * * * * * * * * * * * * * * * * *
                      00141 ;*                     INICIALIZAÇÃO DAS VARIÁVEIS                 *
                      00142 ;* * * * * * * * * * * * * * * * * * * * * * * * * * * * * * * * * *
                      00143 
                      00144 ;* * * * * * * * * * * * * * * * * * * * * * * * * * * * * * * * * *
                      00145 ;*                     ROTINA PRINCIPAL                            *
                      00146 ;* * * * * * * * * * * * * * * * * * * * * * * * * * * * * * * * * *
MPASM 5.84  /HOME/ANDRE/DOCUMENTS/2019.1/MIC   9-5-2019  16:09:39         PAGE  4


LOC  OBJECT CODE     LINE SOURCE TEXT
  VALUE

0018                  00147 MAIN
                      00148         ;CORPO DA ROTINA PRINCIPAL
0018   1085           00149         BCF     GPIO,GP1
0019   1105           00150         BCF     GPIO,GP2
001A   1205           00151         BCF     GPIO,GP4
001B   1285           00152         BCF     GPIO,GP5
                      00153         
001C                  00154 COMECO  
001C   3000           00155         MOVLW   .0
001D   00A5           00156         MOVWF   DISTANCIA_ENCONTRADA
001E   3002           00157         MOVLW   .2
001F   00A4           00158         MOVWF   CONT
0020   018F           00159         CLRF    TMR1H           ; ZERA OS TMR1H:TMR1L
0021   018E           00160         CLRF    TMR1L           
0022   3000           00161         MOVLW   B'00000000'             
0023   008F           00162         MOVWF   TMR1H           
0024   3000           00163         MOVLW   B'00000000'     
0025   008E           00164         MOVWF   TMR1L
0026   1005           00165         BCF     GPIO,GP0
0027   1185           00166         BCF     GPIO,GP3
                      00167         
                      00168         ;PULSO PARA ACIONAR O ULTRASSON
0028   1405           00169         BSF     GPIO,GP0
0029   2???           00170         CALL    DELAY_10US
002A   1005           00171         BCF     GPIO,GP0
                      00172         
                      00173         ;TESTE DA RESPOSTA DO ULTRASSON
002B                  00174 TESTE_INICIAL_GP3
002B   1985           00175         BTFSC   GPIO,GP3            ;VERIFICA SE GP3 RECEBEU A RESPOSTA
002C   2???           00176         GOTO    TEMPO_RESPOSTA      ;SE GP3 FOR 1, RECEBEU A RESPOSTA
002D   2???           00177         GOTO    TESTE_INICIAL_GP3   ;SE GP3 FOR 0, AINDA NÃO RECEBEU A RESPOSTA
                      00178 
                      00179         ;VERIFICA POR QUANTO TEMPO O GP3 PERMANECEU EM NÍVEL LÓGICO ALTO
002E                  00180 TEMPO_RESPOSTA
                      00181         ;INICIA CONTADOR                
002E   1410           00182         BSF     T1CON,TMR1ON        ;INICIA A CONTAGEM DE TEMPO 
                      00183         
                      00184                 ;SIMULANDO TEMPO DE RESPOSTA DO ECHO, APAGAR DEPOIS
002F   1683           00185         BANK1
0030   3002           00186         MOVLW   B'00000010'
Message[302]: Register in operand not in bank 0.  Ensure that bank bits are correct.
0031   0081           00187         MOVWF   OPTION_REG      ;DEFINE OPÇÕES DE OPERAÇÃO DO TMR0
0032   1283           00188         BANK0
0033   110B           00189         BCF     INTCON,T0IF
0034   0181           00190         CLRF    TMR0
0035   3072           00191         MOVLW   .114
0036   0081           00192         MOVWF   TMR0
0037   1D0B           00193         BTFSS   INTCON,T0IF
0038   2???           00194         GOTO    $ - 1
                      00195         ;FIM DA SIMULAÇÃO DO TEMPO DE RESPOSTA
                      00196         
0039   1985           00197         BTFSC   GPIO,GP3
003A   2???           00198         GOTO    $ - 1
MPASM 5.84  /HOME/ANDRE/DOCUMENTS/2019.1/MIC   9-5-2019  16:09:39         PAGE  5


LOC  OBJECT CODE     LINE SOURCE TEXT
  VALUE

003B   1010           00199         BCF     T1CON,TMR1ON        ;PÁRA A CONTAGEM DE TEMPO
                      00200         
                      00201         ;REFERENCIA DE TEMPO PARA DISTÂNCIA DE 5 CM
                      00202         ;VERIFICAR SE SE É MENOR QUE 5 CM
003C   3001           00203         MOVLW   B'00000001'
003D   00A3           00204         MOVWF   CONTH
003E   3022           00205         MOVLW   B'00100010'
003F   00A2           00206         MOVWF   CONTL
0040   2???           00207         CALL    VERIFICAR_DISTANCIA ;QUANDO GP3 FOR 0 JA TEMOS O TEMPO PARA CALCULAR A DISTÂNCIA
0041   1825           00208         BTFSC   DISTANCIA_ENCONTRADA,0
0042   2???           00209         GOTO    MENOR5
                      00210         
                      00211         ;REFERENCIA DE TEMPO PARA DISTÂNCIA DE 10 CM
                      00212         ;VERIFICAR SE É MAIOR OU IGUAL A 5 E MENOR QUE 10 CM
0043   3002           00213         MOVLW   B'00000010'
0044   00A3           00214         MOVWF   CONTH
0045   3044           00215         MOVLW   B'01000100'
0046   00A2           00216         MOVWF   CONTL
0047   2???           00217         CALL    VERIFICAR_DISTANCIA
0048   1825           00218         BTFSC   DISTANCIA_ENCONTRADA,0
0049   2???           00219         GOTO    IGUAL5
                      00220         
                      00221         ;REFERENCIA DE TEMPO PARA DISTÂNCIA DE 15 CM
                      00222         ;VERIFICAR SE É MAIOR OU IGUAL A 10 E MENOR QUE 15 CM
004A   3003           00223         MOVLW   B'00000011'
004B   00A3           00224         MOVWF   CONTH
004C   3066           00225         MOVLW   B'01100110'
004D   00A2           00226         MOVWF   CONTL
004E   2???           00227         CALL    VERIFICAR_DISTANCIA ;QUANDO GP3 FOR 0 JA TEMOS O TEMPO PARA CALCULAR A DISTÂNCIA
004F   1825           00228         BTFSC   DISTANCIA_ENCONTRADA,0
0050   2???           00229         GOTO    IGUAL10
                      00230         
                      00231         ;REFERENCIA DE TEMPO PARA DISTÂNCIA DE 20 CM
                      00232         ;VERIFICAR SE É MAIOR OU IGUAL A 15 E MENOR QUE 20
0051   3004           00233         MOVLW   B'00000100'
0052   00A3           00234         MOVWF   CONTH
0053   3088           00235         MOVLW   B'10001000'
0054   00A2           00236         MOVWF   CONTL
0055   2???           00237         CALL    VERIFICAR_DISTANCIA ;QUANDO GP3 FOR 0 JA TEMOS O TEMPO PARA CALCULAR A DISTÂNCIA
0056   1825           00238         BTFSC   DISTANCIA_ENCONTRADA,0
0057   2???           00239         GOTO    IGUAL15
                      00240         
                      00241         ;TESTANDO SE A DISTÂNCIA É 20 OU É MAIOR
0058   1903           00242         BTFSC   STATUS,Z
0059   2???           00243         GOTO    IGUAL20
005A   2???           00244         GOTO    MAIOR20
                      00245         
005B                  00246 VERIFICAR_DISTANCIA     
                      00247         ;TESTE DE DISTÂNCIA
005B   0823           00248         MOVFW   CONTH
005C   020F           00249         SUBWF   TMR1H,W
005D   1803           00250         BTFSC   STATUS,C
005E   2???           00251         GOTO    MAIOR_IGUAL
MPASM 5.84  /HOME/ANDRE/DOCUMENTS/2019.1/MIC   9-5-2019  16:09:39         PAGE  6


LOC  OBJECT CODE     LINE SOURCE TEXT
  VALUE

005F   2???           00252         GOTO    MENOR
                      00253 
                      00254 ;TESTANDO BITS MAIS SIGNIFICATIVOS DO TIMER
0060                  00255 MAIOR_IGUAL
0060   1903           00256         BTFSC   STATUS,Z
0061   2???           00257         GOTO    TESTA_LOW   ;BITS MAIS SIGNIFICATIVOS DEU IGUAL, ENTAO TESTAMOS OS MENOS SIGNIFICATIVOS
0062   2???           00258         GOTO    MAIOR   
                      00259 
0063                  00260 MAIOR
0063   0008           00261         RETURN
                      00262         
0064                  00263 MENOR   
0064   3001           00264         MOVLW   .1
0065   00A5           00265         MOVWF   DISTANCIA_ENCONTRADA
0066   0008           00266         RETURN
                      00267         
                      00268 ;TESTANDO BITS MENOS SIGNIFICATIVOS DO TIMER
0067                  00269 TESTA_LOW
0067   0822           00270         MOVFW   CONTL
0068   020E           00271         SUBWF   TMR1L,W
0069   1803           00272         BTFSC   STATUS,C
006A   2???           00273         GOTO    MAIOR_IGUAL_L
006B   2???           00274         GOTO    MENOR_L
                      00275         
006C                  00276 MAIOR_IGUAL_L
006C   0008           00277         RETURN
                      00278         
006D                  00279 MENOR_L 
006D   3001           00280         MOVLW   .1
006E   00A5           00281         MOVWF   DISTANCIA_ENCONTRADA
006F   0008           00282         RETURN
                      00283         
                      00284         
                      00285         
0070                  00286 MENOR5  
0070   1085           00287         BCF     GPIO,GP1
0071   1105           00288         BCF     GPIO,GP2
0072   1205           00289         BCF     GPIO,GP4
0073   1285           00290         BCF     GPIO,GP5
0074   2???           00291         GOTO    DELAY_60
                      00292         
0075                  00293 IGUAL5
0075   1485           00294         BSF     GPIO,GP1
0076   1105           00295         BCF     GPIO,GP2
0077   1205           00296         BCF     GPIO,GP4
0078   1285           00297         BCF     GPIO,GP5
0079   2???           00298         GOTO    DELAY_60
                      00299         
007A                  00300 IGUAL10
007A   1485           00301         BSF     GPIO,GP1
007B   1505           00302         BSF     GPIO,GP2
007C   1205           00303         BCF     GPIO,GP4
007D   1285           00304         BCF     GPIO,GP5
MPASM 5.84  /HOME/ANDRE/DOCUMENTS/2019.1/MIC   9-5-2019  16:09:39         PAGE  7


LOC  OBJECT CODE     LINE SOURCE TEXT
  VALUE

007E   2???           00305         GOTO    DELAY_60
                      00306         
007F                  00307 IGUAL15
007F   1485           00308         BSF     GPIO,GP1
0080   1505           00309         BSF     GPIO,GP2
0081   1605           00310         BSF     GPIO,GP4
0082   1285           00311         BCF     GPIO,GP5
0083   2???           00312         GOTO    DELAY_60
                      00313         
0084                  00314 IGUAL20
0084   1485           00315         BSF     GPIO,GP1
0085   1505           00316         BSF     GPIO,GP2
0086   1605           00317         BSF     GPIO,GP4
0087   1685           00318         BSF     GPIO,GP5
0088   2???           00319         GOTO    DELAY_60
                      00320         
0089                  00321 MAIOR20
                      00322         ;LEDS PISCANDO
0089   1485           00323         BSF     GPIO,GP1
008A   1505           00324         BSF     GPIO,GP2
008B   1605           00325         BSF     GPIO,GP4
008C   1685           00326         BSF     GPIO,GP5
008D                  00327 DELAY_100
                      00328         ;DELAY DE 100 MS PARA O OLHO HUMANO PODER ENXERGAR
008D   1683           00329         BANK1
008E   3007           00330         MOVLW   B'00000111'
Message[302]: Register in operand not in bank 0.  Ensure that bank bits are correct.
008F   0081           00331         MOVWF   OPTION_REG      ;DEFINE OPÇÕES DE OPERAÇÃO DO TMR0
0090   1283           00332         BANK0
0091   110B           00333         BCF     INTCON,T0IF
0092   0181           00334         CLRF    TMR0
0093   303C           00335         MOVLW   .60
0094   0081           00336         MOVWF   TMR0
0095   1D0B           00337         BTFSS   INTCON,T0IF
0096   2???           00338         GOTO    $ - 1
Message[305]: Using default destination of 1 (file).
0097   0BA4           00339         DECFSZ  CONT
0098   2???           00340         GOTO    DELAY_100
                      00341         ;FIM DO DELAY
                      00342         ;LEDS PISCANDO
0099   1085           00343         BCF     GPIO,GP1
009A   1105           00344         BCF     GPIO,GP2
009B   1205           00345         BCF     GPIO,GP4
009C   1285           00346         BCF     GPIO,GP5        
                      00347 
                      00348         
                      00349         ;DELAY DE 60ms NECESSÁRIO PARA DAR OUTRO PULSO DE SAÍDA
009D                  00350 DELAY_60
009D   1683           00351         BANK1
009E   3007           00352         MOVLW   B'00000111'
Message[302]: Register in operand not in bank 0.  Ensure that bank bits are correct.
009F   0081           00353         MOVWF   OPTION_REG      ;DEFINE OPÇÕES DE OPERAÇÃO DO TMR0
00A0   1283           00354         BANK0
MPASM 5.84  /HOME/ANDRE/DOCUMENTS/2019.1/MIC   9-5-2019  16:09:39         PAGE  8


LOC  OBJECT CODE     LINE SOURCE TEXT
  VALUE

00A1   110B           00355         BCF     INTCON,T0IF
00A2   0181           00356         CLRF    TMR0
00A3   300A           00357         MOVLW   .10
00A4   0081           00358         MOVWF   TMR0
00A5   1D0B           00359         BTFSS   INTCON,T0IF
00A6   2???           00360         GOTO    $ - 1
                      00361         ;FIM DO DELAY
                      00362         
00A7   2???           00363         GOTO    COMECO
                      00364 
00A8                  00365 DELAY_10US
00A8   0000           00366         NOP
00A9   0000           00367         NOP
00AA   0000           00368         NOP
00AB   0000           00369         NOP
00AC   0000           00370         NOP
00AD   0000           00371         NOP
00AE   0000           00372         NOP
00AF   0000           00373         NOP
00B0   0000           00374         NOP
00B1   0000           00375         NOP
00B2   0008           00376         RETURN
                      00377 
                      00378 ;* * * * * * * * * * * * * * * * * * * * * * * * * * * * * * * * * *
                      00379 ;*                       FIM DO PROGRAMA                           *
                      00380 ;* * * * * * * * * * * * * * * * * * * * * * * * * * * * * * * * * *
                      00381 
3F84                  00382         END
MPASM 5.84  /HOME/ANDRE/DOCUMENTS/2019.1/MIC   9-5-2019  16:09:39         PAGE  9


SYMBOL TABLE
  LABEL                             VALUE 

ADCON0                            0000001F
ADCS0                             00000004
ADCS1                             00000005
ADCS2                             00000006
ADFM                              00000007
ADIE                              00000006
ADIF                              00000006
ADON                              00000000
ADRESH                            0000001E
ADRESL                            0000009E
ANS0                              00000000
ANS1                              00000001
ANS2                              00000002
ANS3                              00000003
ANSEL                             0000009F
BANK0                             BCF STATUS,RP0
BANK1                             BSF STATUS,RP0
C                                 00000000
CAL0                              00000002
CAL1                              00000003
CAL2                              00000004
CAL3                              00000005
CAL4                              00000006
CAL5                              00000007
CHS0                              00000002
CHS1                              00000003
CINV                              00000004
CIS                               00000003
CM0                               00000000
CM1                               00000001
CM2                               00000002
CMCON                             00000019
CMIE                              00000003
CMIF                              00000003
COMECO                            0000001C
CONT                              00000024
CONTH                             00000023
CONTL                             00000022
COUT                              00000006
DC                                00000001
DELAY_100                         0000008D
DELAY_10US                        000000A8
DELAY_60                          0000009D
DISTANCIA_ENCONTRADA              00000025
EEADR                             0000009B
EECON1                            0000009C
EECON2                            0000009D
EEDAT                             0000009A
EEDATA                            0000009A
EEIE                              00000007
EEIF                              00000007
F                                 00000001
FSR                               00000004
MPASM 5.84  /HOME/ANDRE/DOCUMENTS/2019.1/MIC   9-5-2019  16:09:39         PAGE 10


SYMBOL TABLE
  LABEL                             VALUE 

GIE                               00000007
GO                                00000001
GO_DONE                           00000001
GO_NOT_DONE                       00000001
GP0                               00000000
GP1                               00000001
GP2                               00000002
GP3                               00000003
GP4                               00000004
GP5                               00000005
GPIE                              00000003
GPIF                              00000000
GPIO                              00000005
GPIO0                             00000000
GPIO1                             00000001
GPIO2                             00000002
GPIO3                             00000003
GPIO4                             00000004
GPIO5                             00000005
IGUAL10                           0000007A
IGUAL15                           0000007F
IGUAL20                           00000084
IGUAL5                            00000075
INDF                              00000000
INICIO                            0000000D
INTCON                            0000000B
INTE                              00000004
INTEDG                            00000006
INTF                              00000001
IOC                               00000096
IOC0                              00000000
IOC1                              00000001
IOC2                              00000002
IOC3                              00000003
IOC4                              00000004
IOC5                              00000005
IOCB                              00000096
IOCB0                             00000000
IOCB1                             00000001
IOCB2                             00000002
IOCB3                             00000003
IOCB4                             00000004
IOCB5                             00000005
IRP                               00000007
MAIN                              00000018
MAIOR                             00000063
MAIOR20                           00000089
MAIOR_IGUAL                       00000060
MAIOR_IGUAL_L                     0000006C
MENOR                             00000064
MENOR5                            00000070
MENOR_L                           0000006D
NOT_BOD                           00000000
MPASM 5.84  /HOME/ANDRE/DOCUMENTS/2019.1/MIC   9-5-2019  16:09:39         PAGE 11


SYMBOL TABLE
  LABEL                             VALUE 

NOT_BOR                           00000000
NOT_DONE                          00000001
NOT_GPPU                          00000007
NOT_PD                            00000003
NOT_POR                           00000001
NOT_T1SYNC                        00000002
NOT_TO                            00000004
OPTION_REG                        00000081
OSCCAL                            00000090
PCL                               00000002
PCLATH                            0000000A
PCON                              0000008E
PEIE                              00000006
PIE1                              0000008C
PIR1                              0000000C
PS0                               00000000
PS1                               00000001
PS2                               00000002
PSA                               00000003
RD                                00000000
RP0                               00000005
RP1                               00000006
SAI_INT                           00000007
STATUS                            00000003
STATUS_TEMP                       00000021
SUBROTINA1                        0000000C
T0CS                              00000005
T0IE                              00000005
T0IF                              00000002
T0SE                              00000004
T1CKPS0                           00000004
T1CKPS1                           00000005
T1CON                             00000010
T1IE                              00000000
T1IF                              00000000
T1OSCEN                           00000003
TEMPO_RESPOSTA                    0000002E
TESTA_LOW                         00000067
TESTE_INICIAL_GP3                 0000002B
TMR0                              00000001
TMR0IE                            00000005
TMR0IF                            00000002
TMR1                              0000000E
TMR1CS                            00000001
TMR1GE                            00000006
TMR1H                             0000000F
TMR1IE                            00000000
TMR1IF                            00000000
TMR1L                             0000000E
TMR1ON                            00000000
TRISIO                            00000085
TRISIO0                           00000000
TRISIO1                           00000001
MPASM 5.84  /HOME/ANDRE/DOCUMENTS/2019.1/MIC   9-5-2019  16:09:39         PAGE 12


SYMBOL TABLE
  LABEL                             VALUE 

TRISIO2                           00000002
TRISIO3                           00000003
TRISIO4                           00000004
TRISIO5                           00000005
VCFG                              00000006
VERIFICAR_DISTANCIA               0000005B
VR0                               00000000
VR1                               00000001
VR2                               00000002
VR3                               00000003
VRCON                             00000099
VREN                              00000007
VRR                               00000005
W                                 00000000
WPU                               00000095
WPU0                              00000000
WPU1                              00000001
WPU2                              00000002
WPU4                              00000004
WPU5                              00000005
WR                                00000001
WREN                              00000002
WRERR                             00000003
W_TEMP                            00000020
Z                                 00000002
_.org_1_0038                      00000038
_.org_1_003A                      0000003A
_.org_1_0096                      00000096
_.org_1_00A6                      000000A6
_BODEN_OFF                        00003FBF
_BODEN_ON                         00003FFF
_BOREN_OFF                        00003FBF
_BOREN_ON                         00003FFF
_CONFIG                           00002007
_CPD_OFF                          00003FFF
_CPD_ON                           00003EFF
_CP_OFF                           00003FFF
_CP_ON                            00003F7F
_DEVID1                           00002006
_EC_OSC                           00003FFB
_EXTRC_OSC_CLKOUT                 00003FFF
_EXTRC_OSC_NOCLKOUT               00003FFE
_FOSC_EC                          00003FFB
_FOSC_EXTRCCLK                    00003FFF
_FOSC_EXTRCIO                     00003FFE
_FOSC_HS                          00003FFA
_FOSC_INTRCCLK                    00003FFD
_FOSC_INTRCIO                     00003FFC
_FOSC_LP                          00003FF8
_FOSC_XT                          00003FF9
_HS_OSC                           00003FFA
_IDLOC0                           00002000
_IDLOC1                           00002001
MPASM 5.84  /HOME/ANDRE/DOCUMENTS/2019.1/MIC   9-5-2019  16:09:39         PAGE 13


SYMBOL TABLE
  LABEL                             VALUE 

_IDLOC2                           00002002
_IDLOC3                           00002003
_INTRC_OSC_CLKOUT                 00003FFD
_INTRC_OSC_NOCLKOUT               00003FFC
_LP_OSC                           00003FF8
_MCLRE_OFF                        00003FDF
_MCLRE_ON                         00003FFF
_PWRTE_OFF                        00003FFF
_PWRTE_ON                         00003FEF
_WDTE_OFF                         00003FF7
_WDTE_ON                          00003FFF
_WDT_OFF                          00003FF7
_WDT_ON                           00003FFF
_XT_OSC                           00003FF9
__12F675                          00000001
__DEBUG                           
__MPLAB_DEBUGGER_SIMULATOR        1

Errors   :     0
Warnings :     0 reported,     0 suppressed
Messages :     7 reported,     0 suppressed

